<?xml version="1.0" encoding="UTF-8"?>
<testng-results skipped="0" failed="0" total="1" passed="1">
  <reporter-output>
  </reporter-output>
  <suite name="Default suite" duration-ms="28387" started-at="2017-06-13T11:33:29Z" finished-at="2017-06-13T11:33:57Z">
    <groups>
    </groups>
    <test name="Default test" duration-ms="28387" started-at="2017-06-13T11:33:29Z" finished-at="2017-06-13T11:33:57Z">
      <class name="git_test.test_selenium">
        <test-method status="PASS" signature="browserlaunch()[pri:0, instance:git_test.test_selenium@83b407]" name="browserlaunch" is-config="true" duration-ms="12647" started-at="2017-06-13T17:03:29Z" finished-at="2017-06-13T17:03:42Z">
          <reporter-output>
          </reporter-output>
        </test-method> <!-- browserlaunch -->
        <test-method status="PASS" signature="test()[pri:0, instance:git_test.test_selenium@83b407]" name="test" duration-ms="11739" started-at="2017-06-13T17:03:42Z" finished-at="2017-06-13T17:03:53Z">
          <reporter-output>
          </reporter-output>
        </test-method> <!-- test -->
        <test-method status="PASS" signature="teardown()[pri:0, instance:git_test.test_selenium@83b407]" name="teardown" is-config="true" duration-ms="3970" started-at="2017-06-13T17:03:53Z" finished-at="2017-06-13T17:03:57Z">
          <reporter-output>
          </reporter-output>
        </test-method> <!-- teardown -->
      </class> <!-- git_test.test_selenium -->
    </test> <!-- Default test -->
  </suite> <!-- Default suite -->
</testng-results>
